<?xml version="1.0" encoding="UTF-8"?>
<!-- Generated by org.testng.reporters.JUnitReportReporter -->
<testsuite hostname="DESKTOP-GINKQHU" failures="0" tests="1" name="LearnTestNG.JewelryModule" time="0.014" errors="0" timestamp="2026-01-19T11:50:17 IST" skipped="0">
  <testcase classname="LearnTestNG.JewelryModule" name="gold" time="0.014">
    <system-out>
      <![CDATA[Gold]]>
    </system-out>
  </testcase> <!-- gold -->
  <system-out>
    <![CDATA[Gold]]>
  </system-out>
</testsuite> <!-- LearnTestNG.JewelryModule -->
