<?xml version="1.0" encoding="UTF-8"?>
<!-- Generated by org.testng.reporters.JUnitReportReporter -->
<testsuite hostname="DESKTOP-GINKQHU" failures="0" tests="3" name="LearnTestNG.Demowebshop" time="0.021" errors="0" timestamp="2026-01-19T12:04:20 IST" skipped="0">
  <testcase classname="LearnTestNG.Demowebshop" name="jeans" time="0.003">
    <system-out>
      <![CDATA[jeans]]>
    </system-out>
  </testcase> <!-- jeans -->
  <testcase classname="LearnTestNG.Demowebshop" name="shirt" time="0.004">
    <system-out>
      <![CDATA[shirt]]>
    </system-out>
  </testcase> <!-- shirt -->
  <testcase classname="LearnTestNG.Demowebshop" name="fashionModule" time="0.014">
    <system-out>
      <![CDATA[shoes]]>
    </system-out>
  </testcase> <!-- fashionModule -->
  <system-out>
    <![CDATA[shoes
jeans
shirt
kgf1
kgf2
toxic
ola s1 pro
iqube]]>
  </system-out>
</testsuite> <!-- LearnTestNG.Demowebshop -->
