<?xml version="1.0" encoding="UTF-8"?>
<!-- Generated by org.testng.reporters.JUnitReportReporter -->
<testsuite hostname="DESKTOP-GINKQHU" failures="0" tests="3" name="LearnTestNG.Bike" time="0.007" errors="0" timestamp="2026-01-19T12:04:20 IST" skipped="1">
  <testcase classname="LearnTestNG.Bike" name="ola" time="0.004">
    <system-out>
      <![CDATA[ola s1 pro]]>
    </system-out>
  </testcase> <!-- ola -->
  <testcase classname="LearnTestNG.Bike" name="tvs" time="0.003">
    <system-out>
      <![CDATA[iqube]]>
    </system-out>
  </testcase> <!-- tvs -->
  <testcase classname="LearnTestNG.Bike" name="ather">
    <skipped/>
  </testcase> <!-- ather -->
  <system-out>
    <![CDATA[shoes
jeans
shirt
kgf1
kgf2
toxic
ola s1 pro
iqube]]>
  </system-out>
</testsuite> <!-- LearnTestNG.Bike -->
