<?xml version="1.0" encoding="UTF-8"?>
<!-- Generated by org.testng.reporters.JUnitReportReporter -->
<testsuite hostname="DESKTOP-GINKQHU" failures="0" tests="1" name="LearnTestNG.SmartphoneModule" time="0.002" errors="0" timestamp="2026-01-13T12:01:46 IST" skipped="0">
  <testcase classname="LearnTestNG.SmartphoneModule" name="readmi" time="0.002">
    <system-out>
      <![CDATA[redmi China Modle]]>
    </system-out>
  </testcase> <!-- readmi -->
  <system-out>
    <![CDATA[Gold
Rizta
redmi China Modle]]>
  </system-out>
</testsuite> <!-- LearnTestNG.SmartphoneModule -->
