<?xml version="1.0" encoding="UTF-8"?>
<!-- Generated by org.testng.reporters.JUnitXMLReporter -->
<testsuite ignored="6" hostname="DESKTOP-GINKQHU" failures="0" tests="3" name="Test(failed)" time="0.079" errors="0" timestamp="2026-01-13T12:01:46 IST">
  <testcase classname="LearnTestNG.JewelryModule" name="gold" time="0.014"/>
  <testcase classname="LearnTestNG.Bike" name="ather" time="0.003"/>
  <testcase classname="LearnTestNG.SmartphoneModule" name="readmi" time="0.002"/>
  <testcase classname="LearnTestNG.Bike" name="ola" time="0.0">
    <ignored/>
  </testcase> <!-- ola -->
  <testcase classname="LearnTestNG.SmartphoneModule" name="OnePluse" time="0.0">
    <ignored/>
  </testcase> <!-- OnePluse -->
  <testcase classname="LearnTestNG.JewelryModule" name="diamond" time="0.0">
    <ignored/>
  </testcase> <!-- diamond -->
  <testcase classname="LearnTestNG.JewelryModule" name="silver" time="0.0">
    <ignored/>
  </testcase> <!-- silver -->
  <testcase classname="LearnTestNG.SmartphoneModule" name="Iphone" time="0.0">
    <ignored/>
  </testcase> <!-- Iphone -->
  <testcase classname="LearnTestNG.Bike" name="tvs" time="0.0">
    <ignored/>
  </testcase> <!-- tvs -->
</testsuite> <!-- Test(failed) -->
