<?xml version="1.0" encoding="UTF-8"?>
<!-- Generated by org.testng.reporters.JUnitXMLReporter -->
<testsuite ignored="1" hostname="DESKTOP-GINKQHU" failures="0" tests="8" name="Test" time="0.145" errors="0" timestamp="2026-01-19T12:04:20 IST">
  <testcase classname="LearnTestNG.Demowebshop" name="fashionModule" time="0.014"/>
  <testcase classname="LearnTestNG.Demowebshop" name="jeans" time="0.003"/>
  <testcase classname="LearnTestNG.Demowebshop" name="shirt" time="0.004"/>
  <testcase classname="LearnTestNG.Books" name="kgf1" time="0.003"/>
  <testcase classname="LearnTestNG.Books" name="kgf2" time="0.005"/>
  <testcase classname="LearnTestNG.Books" name="toxic" time="0.007"/>
  <testcase classname="LearnTestNG.Bike" name="ola" time="0.004"/>
  <testcase classname="LearnTestNG.Bike" name="tvs" time="0.003"/>
  <testcase classname="LearnTestNG.Bike" name="ather" time="0.0">
    <ignored/>
  </testcase> <!-- ather -->
</testsuite> <!-- Test -->
