<?xml version="1.0" encoding="UTF-8"?>
<testng-results ignored="0" total="1" passed="1" failed="0" skipped="0">
  <reporter-output>
  </reporter-output>
  <suite started-at="2026-02-08T20:12:08 IST" name="Default suite" finished-at="2026-02-08T20:12:44 IST" duration-ms="35886">
    <groups>
    </groups>
    <test started-at="2026-02-08T20:12:08 IST" name="Default test" finished-at="2026-02-08T20:12:44 IST" duration-ms="35886">
      <class name="LearnTestNG.ApplyCoupon">
        <test-method signature="applyoupon()[pri:0, instance:LearnTestNG.ApplyCoupon@6dc17b83]" started-at="2026-02-08T20:12:08 IST" name="applyoupon" finished-at="2026-02-08T20:12:44 IST" duration-ms="35794" status="PASS">
          <reporter-output>
          </reporter-output>
        </test-method> <!-- applyoupon -->
      </class> <!-- LearnTestNG.ApplyCoupon -->
    </test> <!-- Default test -->
  </suite> <!-- Default suite -->
</testng-results>
