<?xml version="1.0" encoding="UTF-8"?>
<!-- Generated by org.testng.reporters.JUnitXMLReporter -->
<testsuite ignored="2" hostname="DESKTOP-GINKQHU" failures="0" tests="1" name="Default test(failed)" time="0.079" errors="0" timestamp="2026-01-19T11:50:16 IST">
  <testcase classname="LearnTestNG.JewelryModule" name="gold" time="0.014"/>
  <testcase classname="LearnTestNG.JewelryModule" name="silver" time="0.0">
    <ignored/>
  </testcase> <!-- silver -->
  <testcase classname="LearnTestNG.JewelryModule" name="diamond" time="0.0">
    <ignored/>
  </testcase> <!-- diamond -->
</testsuite> <!-- Default test(failed) -->
